[12:58:08] [Client thread/INFO]: Setting user: Player615
[12:58:17] [Client thread/INFO]: LWJGL Version: 2.9.1
[12:58:25] [Client thread/INFO]: Reloading ResourceManager: Default, FMLFileResourcePack:Forge Mod Loader, FMLFileResourcePack:Minecraft Forge, FMLFileResourcePack:Modular Guns 2.0
[12:58:27] [Sound Library Loader/INFO]: Starting up SoundSystem...
[12:58:28] [Thread-7/INFO]: Initializing LWJGL OpenAL
[12:58:28] [Thread-7/INFO]: (The LWJGL binding of OpenAL.  For more information, see http://www.lwjgl.org)
[12:58:28] [Thread-7/INFO]: OpenAL initialized.
[12:58:28] [Sound Library Loader/INFO]: Sound engine started
[12:58:36] [Client thread/ERROR]: Using missing texture, unable to load mg2:textures/items/m4.png
java.io.FileNotFoundException: mg2:textures/items/m4.png
	at net.minecraft.client.resources.FallbackResourceManager.getResource(FallbackResourceManager.java:70) ~[FallbackResourceManager.class:?]
	at net.minecraft.client.resources.SimpleReloadableResourceManager.getResource(SimpleReloadableResourceManager.java:67) ~[SimpleReloadableResourceManager.class:?]
	at net.minecraft.client.renderer.texture.TextureMap.loadTextureAtlas(TextureMap.java:116) [TextureMap.class:?]
	at net.minecraft.client.renderer.texture.TextureMap.loadSprites(TextureMap.java:83) [TextureMap.class:?]
	at net.minecraftforge.client.model.ModelLoader.setupModelRegistry(ModelLoader.java:94) [ModelLoader.class:?]
	at net.minecraft.client.resources.model.ModelManager.onResourceManagerReload(ModelManager.java:29) [ModelManager.class:?]
	at net.minecraft.client.resources.SimpleReloadableResourceManager.registerReloadListener(SimpleReloadableResourceManager.java:124) [SimpleReloadableResourceManager.class:?]
	at net.minecraft.client.Minecraft.startGame(Minecraft.java:507) [Minecraft.class:?]
	at net.minecraft.client.Minecraft.run(Minecraft.java:356) [Minecraft.class:?]
	at net.minecraft.client.main.Main.main(Main.java:117) [Main.class:?]
	at sun.reflect.NativeMethodAccessorImpl.invoke0(Native Method) ~[?:1.8.0_40]
	at sun.reflect.NativeMethodAccessorImpl.invoke(NativeMethodAccessorImpl.java:62) ~[?:1.8.0_40]
	at sun.reflect.DelegatingMethodAccessorImpl.invoke(DelegatingMethodAccessorImpl.java:43) ~[?:1.8.0_40]
	at java.lang.reflect.Method.invoke(Method.java:497) ~[?:1.8.0_40]
	at net.minecraft.launchwrapper.Launch.launch(Launch.java:135) [launchwrapper-1.11.jar:?]
	at net.minecraft.launchwrapper.Launch.main(Launch.java:28) [launchwrapper-1.11.jar:?]
	at net.minecraftforge.gradle.GradleStartCommon.launch(Unknown Source) [start/:?]
	at GradleStart.main(Unknown Source) [start/:?]
[12:58:37] [Client thread/INFO]: Created: 512x512 textures-atlas
[12:58:40] [Client thread/INFO]: Reloading ResourceManager: Default, FMLFileResourcePack:Forge Mod Loader, FMLFileResourcePack:Minecraft Forge, FMLFileResourcePack:Modular Guns 2.0
[12:58:40] [Client thread/INFO]: SoundSystem shutting down...
[12:58:40] [Client thread/WARN]: Author: Paul Lamb, www.paulscode.com
[12:58:40] [Sound Library Loader/INFO]: Starting up SoundSystem...
[12:58:40] [Thread-9/INFO]: Initializing LWJGL OpenAL
[12:58:40] [Thread-9/INFO]: (The LWJGL binding of OpenAL.  For more information, see http://www.lwjgl.org)
[12:58:40] [Thread-9/INFO]: OpenAL initialized.
[12:58:41] [Sound Library Loader/INFO]: Sound engine started
[12:58:47] [Client thread/ERROR]: Using missing texture, unable to load mg2:textures/items/m4.png
java.io.FileNotFoundException: mg2:textures/items/m4.png
	at net.minecraft.client.resources.FallbackResourceManager.getResource(FallbackResourceManager.java:70) ~[FallbackResourceManager.class:?]
	at net.minecraft.client.resources.SimpleReloadableResourceManager.getResource(SimpleReloadableResourceManager.java:67) ~[SimpleReloadableResourceManager.class:?]
	at net.minecraft.client.renderer.texture.TextureMap.loadTextureAtlas(TextureMap.java:116) [TextureMap.class:?]
	at net.minecraft.client.renderer.texture.TextureMap.loadSprites(TextureMap.java:83) [TextureMap.class:?]
	at net.minecraftforge.client.model.ModelLoader.setupModelRegistry(ModelLoader.java:94) [ModelLoader.class:?]
	at net.minecraft.client.resources.model.ModelManager.onResourceManagerReload(ModelManager.java:29) [ModelManager.class:?]
	at net.minecraft.client.resources.SimpleReloadableResourceManager.notifyReloadListeners(SimpleReloadableResourceManager.java:134) [SimpleReloadableResourceManager.class:?]
	at net.minecraft.client.resources.SimpleReloadableResourceManager.reloadResources(SimpleReloadableResourceManager.java:118) [SimpleReloadableResourceManager.class:?]
	at net.minecraft.client.Minecraft.refreshResources(Minecraft.java:767) [Minecraft.class:?]
	at net.minecraftforge.fml.client.FMLClientHandler.finishMinecraftLoading(FMLClientHandler.java:306) [FMLClientHandler.class:?]
	at net.minecraft.client.Minecraft.startGame(Minecraft.java:521) [Minecraft.class:?]
	at net.minecraft.client.Minecraft.run(Minecraft.java:356) [Minecraft.class:?]
	at net.minecraft.client.main.Main.main(Main.java:117) [Main.class:?]
	at sun.reflect.NativeMethodAccessorImpl.invoke0(Native Method) ~[?:1.8.0_40]
	at sun.reflect.NativeMethodAccessorImpl.invoke(NativeMethodAccessorImpl.java:62) ~[?:1.8.0_40]
	at sun.reflect.DelegatingMethodAccessorImpl.invoke(DelegatingMethodAccessorImpl.java:43) ~[?:1.8.0_40]
	at java.lang.reflect.Method.invoke(Method.java:497) ~[?:1.8.0_40]
	at net.minecraft.launchwrapper.Launch.launch(Launch.java:135) [launchwrapper-1.11.jar:?]
	at net.minecraft.launchwrapper.Launch.main(Launch.java:28) [launchwrapper-1.11.jar:?]
	at net.minecraftforge.gradle.GradleStartCommon.launch(Unknown Source) [start/:?]
	at GradleStart.main(Unknown Source) [start/:?]
[12:58:47] [Client thread/INFO]: Created: 512x512 textures-atlas
[13:03:32] [Client thread/INFO]: Stopping!
[13:03:32] [Client thread/INFO]: SoundSystem shutting down...
[13:03:32] [Client thread/WARN]: Author: Paul Lamb, www.paulscode.com
